  pch.cpp
  Allocator.cpp
  BufferReader.cpp
  BufferWriter.cpp
  CoreGlobal.cpp
  CorePch.cpp
  CoreTLS.cpp
  DBBind.cpp
  DBConnection.cpp
  DBConnectionPool.cpp
  DeadLockProfiler.cpp
  GlobalQueue.cpp
  IocpCore.cpp
  IocpEvent.cpp
  Job.cpp
  JobTimer.cpp
  LockQueue.cpp
  JobQueue.cpp
  Listener.cpp
  Lock.cpp
  Memory.cpp
  컴파일하고 있습니다...
  MemoryPool.cpp
  NetAddress.cpp
  RecvBuffer.cpp
  RefCounting.cpp
  SendBuffer.cpp
  Service.cpp
  Session.cpp
  SocketUtils.cpp
  ThreadManager.cpp
  ServerCore.vcxproj -> C:\Users\master\Desktop\DbBind\Libraries\Libs\ServerCore\Release\ServerCore.lib
