c:\users\master\desktop\chatting_server\chatting_server\chatting_server\gameserver\x64\release\vc142.pdb
c:\users\master\desktop\chatting_server\chatting_server\chatting_server\gameserver\x64\release\room.obj
c:\users\master\desktop\chatting_server\chatting_server\chatting_server\gameserver\x64\release\clientpackethandler.obj
c:\users\master\desktop\chatting_server\chatting_server\chatting_server\gameserver\x64\release\user.obj
c:\users\master\desktop\chatting_server\chatting_server\chatting_server\gameserver\x64\release\gamesessionmanager.obj
c:\users\master\desktop\chatting_server\chatting_server\chatting_server\gameserver\x64\release\gamesession.obj
c:\users\master\desktop\chatting_server\chatting_server\chatting_server\gameserver\x64\release\gameserver.obj
c:\users\master\desktop\chatting_server\chatting_server\chatting_server\gameserver\x64\release\sessionverificator.obj
c:\users\master\desktop\chatting_server\chatting_server\chatting_server\gameserver\x64\release\protocol.pb.obj
c:\users\master\desktop\chatting_server\chatting_server\chatting_server\gameserver\x64\release\gameserver.pch
c:\users\master\desktop\chatting_server\chatting_server\chatting_server\gameserver\x64\release\pch.obj
c:\users\master\desktop\chatting_server\chatting_server\chatting_server\gameserver\x64\release\enum.pb.obj
c:\users\master\desktop\chatting_server\chatting_server\chatting_server\gameserver\x64\release\struct.pb.obj
c:\users\master\desktop\chatting_server\chatting_server\chatting_server\gameserver\x64\release\gameserver.ipdb
c:\users\master\desktop\chatting_server\chatting_server\chatting_server\gameserver\x64\release\gameserver.iobj
c:\users\master\desktop\chatting_server\chatting_server\chatting_server\binary\release\gameserver.pdb
c:\users\master\desktop\chatting_server\chatting_server\chatting_server\gameserver\x64\release\gameserver.tlog\cl.command.1.tlog
c:\users\master\desktop\chatting_server\chatting_server\chatting_server\gameserver\x64\release\gameserver.tlog\cl.read.1.tlog
c:\users\master\desktop\chatting_server\chatting_server\chatting_server\gameserver\x64\release\gameserver.tlog\cl.write.1.tlog
c:\users\master\desktop\chatting_server\chatting_server\chatting_server\gameserver\x64\release\gameserver.tlog\link.command.1.tlog
c:\users\master\desktop\chatting_server\chatting_server\chatting_server\gameserver\x64\release\gameserver.tlog\link.read.1.tlog
c:\users\master\desktop\chatting_server\chatting_server\chatting_server\gameserver\x64\release\gameserver.tlog\link.write.1.tlog
